<?xml version="1.0" encoding="UTF-8"?>
<testsuite name="com.markcode.appbatch.AppBatchApplicationTests" tests="1" skipped="0" failures="0" errors="0" timestamp="2023-03-05T17:35:34" hostname="MacBook-Pro-de-Marcos.local" time="0.653">
  <properties/>
  <testcase name="contextLoads()" classname="com.markcode.appbatch.AppBatchApplicationTests" time="0.653"/>
  <system-out><![CDATA[11:35:31.832 [Test worker] DEBUG org.springframework.boot.test.context.SpringBootTestContextBootstrapper - Neither @ContextConfiguration nor @ContextHierarchy found for test class [AppBatchApplicationTests]: using SpringBootContextLoader
11:35:31.864 [Test worker] DEBUG org.springframework.test.context.support.AbstractContextLoader - Could not detect default resource locations for test class [com.markcode.appbatch.AppBatchApplicationTests]: no resource found for suffixes {-context.xml, Context.groovy}.
11:35:31.865 [Test worker] INFO org.springframework.test.context.support.AnnotationConfigContextLoaderUtils - Could not detect default configuration classes for test class [com.markcode.appbatch.AppBatchApplicationTests]: AppBatchApplicationTests does not declare any static, non-private, non-final, nested classes annotated with @Configuration.
11:35:31.908 [Test worker] DEBUG org.springframework.boot.test.context.SpringBootTestContextBootstrapper - Using ContextCustomizers for test class [AppBatchApplicationTests]: [DisableObservabilityContextCustomizer, PropertyMappingContextCustomizer, Customizer, ExcludeFilterContextCustomizer, DuplicateJsonObjectContextCustomizer, MockitoContextCustomizer, TestRestTemplateContextCustomizer]
11:35:32.064 [Test worker] DEBUG org.springframework.context.annotation.ClassPathScanningCandidateComponentProvider - Identified candidate component class: file [/Users/marcosmh/DevTraining/app-batch/build/classes/java/main/com/markcode/appbatch/AppBatchApplication.class]
11:35:32.067 [Test worker] INFO org.springframework.boot.test.context.SpringBootTestContextBootstrapper - Found @SpringBootConfiguration com.markcode.appbatch.AppBatchApplication for test class com.markcode.appbatch.AppBatchApplicationTests
11:35:32.219 [Test worker] DEBUG org.springframework.test.context.util.TestContextSpringFactoriesUtils - Skipping candidate TestExecutionListener [org.springframework.test.context.web.ServletTestExecutionListener] due to a missing dependency. Specify custom TestExecutionListener classes or make the default TestExecutionListener classes and their required dependencies available. Offending class: [jakarta/servlet/ServletContext]
11:35:32.261 [Test worker] DEBUG org.springframework.boot.test.context.SpringBootTestContextBootstrapper - Using TestExecutionListeners for test class [AppBatchApplicationTests]: [DirtiesContextBeforeModesTestExecutionListener, ApplicationEventsTestExecutionListener, MockitoTestExecutionListener, DependencyInjectionTestExecutionListener, DirtiesContextTestExecutionListener, TransactionalTestExecutionListener, SqlScriptsTestExecutionListener, EventPublishingTestExecutionListener, RestDocsTestExecutionListener, MockRestServiceServerResetTestExecutionListener, MockMvcPrintOnlyOnFailureTestExecutionListener, WebDriverTestExecutionListener, MockWebServiceServerTestExecutionListener, ResetMocksTestExecutionListener]
11:35:32.263 [Test worker] DEBUG org.springframework.test.context.support.AbstractDirtiesContextTestExecutionListener - Before test class: class [AppBatchApplicationTests], class annotated with @DirtiesContext [false] with mode [null]
11:35:32.287 [Test worker] DEBUG org.springframework.test.context.support.DependencyInjectionTestExecutionListener - Performing dependency injection for test class com.markcode.appbatch.AppBatchApplicationTests

  .   ____          _            __ _ _
 /\\ / ___'_ __ _ _(_)_ __  __ _ \ \ \ \
( ( )\___ | '_ | '_| | '_ \/ _` | \ \ \ \
 \\/  ___)| |_)| | | | | || (_| |  ) ) ) )
  '  |____| .__|_| |_|_| |_\__, | / / / /
 =========|_|==============|___/=/_/_/_/
 :: Spring Boot ::                (v3.0.4)

2023-03-05T11:35:32.725-06:00  INFO 1918 --- [    Test worker] c.m.appbatch.AppBatchApplicationTests    : Starting AppBatchApplicationTests using Java 17.0.6 with PID 1918 (started by marcosmh in /Users/marcosmh/DevTraining/app-batch)
2023-03-05T11:35:32.727-06:00  INFO 1918 --- [    Test worker] c.m.appbatch.AppBatchApplicationTests    : No active profile set, falling back to 1 default profile: "default"
2023-03-05T11:35:33.730-06:00  INFO 1918 --- [    Test worker] com.zaxxer.hikari.HikariDataSource       : HikariPool-1 - Starting...
2023-03-05T11:35:34.087-06:00  INFO 1918 --- [    Test worker] com.zaxxer.hikari.pool.PoolBase          : HikariPool-1 - Driver does not support get/set network timeout for connections. (feature not supported)
2023-03-05T11:35:34.089-06:00  INFO 1918 --- [    Test worker] com.zaxxer.hikari.pool.HikariPool        : HikariPool-1 - Added connection org.hsqldb.jdbc.JDBCConnection@60b34931
2023-03-05T11:35:34.092-06:00  INFO 1918 --- [    Test worker] com.zaxxer.hikari.HikariDataSource       : HikariPool-1 - Start completed.
2023-03-05T11:35:34.515-06:00  INFO 1918 --- [    Test worker] c.m.appbatch.AppBatchApplicationTests    : Started AppBatchApplicationTests in 2.174 seconds (process running for 4.164)
2023-03-05T11:35:34.518-06:00  INFO 1918 --- [    Test worker] o.s.b.a.b.JobLauncherApplicationRunner   : Running default command line with: []
]]></system-out>
  <system-err><![CDATA[]]></system-err>
</testsuite>
